<?xml version="1.0" encoding="UTF-8"?>
<!-- Generated by org.testng.reporters.JUnitReportReporter -->
<testsuite hostname="MAA-5CG0263X0V" failures="0" tests="4" name="Automation" time="22.454" errors="0" timestamp="28 Sep 2022 07:40:50 GMT" skipped="0">
  <testcase classname="Automation" name="login" time="5.137"/>
  <testcase classname="Automation" name="createBoardandList" time="13.374"/>
  <testcase classname="Automation" name="dragdrop" time="0.523"/>
  <testcase classname="Automation" name="coordinatesandlogout" time="3.420"/>
</testsuite> <!-- Automation -->
